This is e-pTeX, Version 3.14159265-p3.7.1-161114-2.6 (utf8.euc) (TeX Live 2016/Debian) (preloaded format=platex 2017.4.29)  14 MAY 2017 01:28
entering extended mode
 restricted \write18 enabled.
 %&-line parsing enabled.
**"recipie.tex "
(./recipie.tex 
pLaTeX2e <2016/11/29> (based on LaTeX2e <2017/01/01> patch level 3)
Babel <3.9r> and hyphenation patterns for 12 language(s) loaded.
(/usr/share/texlive/texmf-dist/tex/platex/base/tarticle.cls
Document Class: tarticle 2016/11/22 v1.7b Standard pLaTeX class
\c@@paper=\count82
(/usr/share/texlive/texmf-dist/tex/platex/base/tsize10.clo
File: tsize10.clo 2016/11/22 v1.7b Standard pLaTeX file (size option)
)
(/usr/share/texlive/texmf-dist/tex/platex/base/plext.sty
Package: plext 2016/11/19 v1.2c pLaTeX package file (community edition)
\@floatbox=\box41
\floatwidth=\dimen118
\floatheight=\dimen119
\floatruletick=\dimen120
\captionfloatsep=\dimen121
\captionwidth=\dimen122
\@captionbox=\box42
\save@ybaselineshift=\dimen123
\save@tbaselineshift=\dimen124
\@picwd=\dimen125
\rensujiskip=\skip41
)
\c@part=\count83
\c@section=\count84
\c@subsection=\count85
\c@subsubsection=\count86
\c@paragraph=\count87
\c@subparagraph=\count88
\c@figure=\count89
\c@table=\count90
\abovecaptionskip=\skip42
\belowcaptionskip=\skip43
\symmincho=\mathgroup4
LaTeX Font Info:    Overwriting symbol font `mincho' in version `bold'
(Font)                  JY1/mc/m/n --> JY1/gt/m/n on input line 583.
\toclineskip=\dimen126
\@lnumwidth=\dimen127
\bibindent=\dimen128
\heisei=\count91
)
No file recipie.aux.
\openout1 = `recipie.aux'.

LaTeX Font Info:    Checking defaults for OML/cmm/m/it on input line 4.
LaTeX Font Info:    ... okay on input line 4.
LaTeX Font Info:    Checking defaults for T1/cmr/m/n on input line 4.
LaTeX Font Info:    ... okay on input line 4.
LaTeX Font Info:    Checking defaults for OT1/cmr/m/n on input line 4.
LaTeX Font Info:    ... okay on input line 4.
LaTeX Font Info:    Checking defaults for OMS/cmsy/m/n on input line 4.
LaTeX Font Info:    ... okay on input line 4.
LaTeX Font Info:    Checking defaults for OMX/cmex/m/n on input line 4.
LaTeX Font Info:    ... okay on input line 4.
LaTeX Font Info:    Checking defaults for U/cmr/m/n on input line 4.
LaTeX Font Info:    ... okay on input line 4.
LaTeX Font Info:    Checking defaults for JY1/mc/m/n on input line 4.
LaTeX Font Info:    ... okay on input line 4.
LaTeX Font Info:    Checking defaults for JT1/mc/m/n on input line 4.
LaTeX Font Info:    ... okay on input line 4.
《縦組モード》
LaTeX Font Info:    Font shape `JT1/mc/bx/n' in size <10> not available
(Font)              Font shape `JT1/gt/m/n' tried instead on input line 7.
LaTeX Font Info:    Font shape `JY1/mc/bx/n' in size <10> not available
(Font)              Font shape `JY1/gt/m/n' tried instead on input line 7.
LaTeX Font Info:    Font shape `JT1/mc/bx/n' in size <24.88> not available
(Font)              Font shape `JT1/gt/m/n' tried instead on input line 7.
LaTeX Font Info:    Font shape `JY1/mc/bx/n' in size <24.88> not available
(Font)              Font shape `JY1/gt/m/n' tried instead on input line 7.
LaTeX Font Info:    Font shape `JT1/mc/bx/n' in size <14.4> not available
(Font)              Font shape `JT1/gt/m/n' tried instead on input line 10.
LaTeX Font Info:    Font shape `JY1/mc/bx/n' in size <14.4> not available
(Font)              Font shape `JY1/gt/m/n' tried instead on input line 10.
LaTeX Font Info:    External font `cmex10' loaded for size
(Font)              <7> on input line 12.
LaTeX Font Info:    External font `cmex10' loaded for size
(Font)              <5> on input line 12.
LaTeX Font Info:    Try loading font information for OMS+cmr on input line 23.
 (/usr/share/texlive/texmf-dist/tex/latex/base/omscmr.fd
File: omscmr.fd 2014/09/29 v2.5h Standard LaTeX font definitions
)
LaTeX Font Info:    Font shape `OMS/cmr/m/n' in size <10> not available
(Font)              Font shape `OMS/cmsy/m/n' tried instead on input line 23.

[1

] (./recipie.aux) ) 
Here is how much of TeX's memory you used:
 373 strings out of 494820
 4132 string characters out of 6178927
 62908 words of memory out of 5000000
 3910 multiletter control sequences out of 15000+600000
 10120 words of font info for 41 fonts, out of 8000000 for 9000
 264 hyphenation exceptions out of 8191
 22i,7n,19p,138b,156s stack positions out of 5000i,500n,10000p,200000b,80000s

Output written on recipie.dvi (1 page, 3160 bytes).
