\BOOKMARK [1][-]{section.1}{目標を絞った現段階での目標}{}% 1
\BOOKMARK [2][-]{subsection.1.1}{データの入手}{section.1}% 2
\BOOKMARK [2][-]{subsection.1.2}{検索}{section.1}% 3
\BOOKMARK [2][-]{subsection.1.3}{データの出力}{section.1}% 4
\BOOKMARK [1][-]{section.2}{担当教員に求めないもの}{}% 5
\BOOKMARK [1][-]{section.3}{自分たちで進めるもの}{}% 6
\BOOKMARK [1][-]{section.4}{具体的な内容を詰めてみる。}{}% 7
\BOOKMARK [2][-]{subsection.4.1}{データベース}{section.4}% 8
\BOOKMARK [3][-]{subsubsection.4.1.1}{データベースにほしいもの}{subsection.4.1}% 9
\BOOKMARK [3][-]{subsubsection.4.1.2}{データをどうやって集めるのか}{subsection.4.1}% 10
\BOOKMARK [3][-]{subsubsection.4.1.3}{データベースを管理するに当たって}{subsection.4.1}% 11
\BOOKMARK [3][-]{subsubsection.4.1.4}{処理するデータの量}{subsection.4.1}% 12
\BOOKMARK [2][-]{subsection.4.2}{機械学習}{section.4}% 13
\BOOKMARK [3][-]{subsubsection.4.2.1}{機械学習とは}{subsection.4.2}% 14
\BOOKMARK [3][-]{subsubsection.4.2.2}{処理するデータの大きさは}{subsection.4.2}% 15
\BOOKMARK [3][-]{subsubsection.4.2.3}{与えられるデータは}{subsection.4.2}% 16
\BOOKMARK [1][-]{section.5}{全体を通して担当教員に求めたいもの}{}% 17
\BOOKMARK [2][-]{subsection.5.1}{現在質問したい内容}{section.5}% 18
\BOOKMARK [1][-]{section.6}{佐久間先生にお願いしたいこと}{}% 19
\BOOKMARK [1][-]{section.7}{最終目標}{}% 20
